d:\_newproject\initool\initool\x64\debug\qrc_initool.obj
d:\_newproject\initool\initool\x64\debug\moc_modifyini.obj
d:\_newproject\initool\initool\x64\debug\moc_initool.obj
d:\_newproject\initool\initool\x64\debug\vc141.pdb
d:\_newproject\initool\initool\x64\debug\modifyini.obj
d:\_newproject\initool\initool\x64\debug\initool.obj
d:\_newproject\initool\initool\x64\debug\main.obj
d:\_newproject\initool\initool\x64\debug\uic\ui_initool.h
d:\_newproject\initool\initool\x64\debug\rcc\qrc_initool.cpp
d:\_newproject\initool\initool\x64\debug\moc\moc_initool.cpp
d:\_newproject\initool\initool\x64\debug\moc\moc_modifyini.cpp
d:\_newproject\initool\x64\debug\initool.exe
d:\_newproject\initool\x64\debug\initool.ilk
d:\_newproject\initool\x64\debug\initool.pdb
d:\_newproject\initool\initool\x64\debug\initool.tlog\cl.command.1.tlog
d:\_newproject\initool\initool\x64\debug\initool.tlog\cl.read.1.tlog
d:\_newproject\initool\initool\x64\debug\initool.tlog\cl.write.1.tlog
d:\_newproject\initool\initool\x64\debug\initool.tlog\initool.write.1u.tlog
d:\_newproject\initool\initool\x64\debug\initool.tlog\link.14540.delete.1.tlog
d:\_newproject\initool\initool\x64\debug\initool.tlog\link.20264.delete.1.tlog
d:\_newproject\initool\initool\x64\debug\initool.tlog\link.23300.delete.1.tlog
d:\_newproject\initool\initool\x64\debug\initool.tlog\link.7376.delete.1.tlog
d:\_newproject\initool\initool\x64\debug\initool.tlog\link.command.1.tlog
d:\_newproject\initool\initool\x64\debug\initool.tlog\link.delete.1.tlog
d:\_newproject\initool\initool\x64\debug\initool.tlog\link.read.1.tlog
d:\_newproject\initool\initool\x64\debug\initool.tlog\link.write.1.tlog
d:\_newproject\initool\initool\x64\debug\initool.tlog\moc.read.1u.tlog
d:\_newproject\initool\initool\x64\debug\initool.tlog\moc.write.1u.tlog
d:\_newproject\initool\initool\x64\debug\initool.tlog\rcc.read.1u.tlog
d:\_newproject\initool\initool\x64\debug\initool.tlog\rcc.write.1u.tlog
d:\_newproject\initool\initool\x64\debug\initool.tlog\uic.read.1u.tlog
d:\_newproject\initool\initool\x64\debug\initool.tlog\uic.write.1u.tlog
